<?xml version="1.0" encoding="UTF-8"?>
<testsuite xmlns:xsi="http://www.w3.org/2001/XMLSchema-instance" xsi:noNamespaceSchemaLocation="https://maven.apache.org/surefire/maven-surefire-plugin/xsd/surefire-test-report-3.0.xsd" version="3.0" name="TestSuite" time="11.862" tests="4" errors="0" skipped="0" failures="0">
  <properties>
    <property name="java.specification.version" value="15"/>
    <property name="webdriver.chrome.driver" value="/Users/hamzaalicetin/Downloads/chromedriver"/>
    <property name="sun.jnu.encoding" value="UTF-8"/>
    <property name="java.class.path" value="/Users/hamzaalicetin/Desktop/java/E2Eproject/target/test-classes:/Users/hamzaalicetin/Desktop/java/E2Eproject/target/classes:/Users/hamzaalicetin/.m2/repository/junit/junit/4.11/junit-4.11.jar:/Users/hamzaalicetin/.m2/repository/org/hamcrest/hamcrest-core/1.3/hamcrest-core-1.3.jar:/Users/hamzaalicetin/.m2/repository/org/seleniumhq/selenium/selenium-java/3.141.59/selenium-java-3.141.59.jar:/Users/hamzaalicetin/.m2/repository/org/seleniumhq/selenium/selenium-api/3.141.59/selenium-api-3.141.59.jar:/Users/hamzaalicetin/.m2/repository/org/seleniumhq/selenium/selenium-chrome-driver/3.141.59/selenium-chrome-driver-3.141.59.jar:/Users/hamzaalicetin/.m2/repository/org/seleniumhq/selenium/selenium-edge-driver/3.141.59/selenium-edge-driver-3.141.59.jar:/Users/hamzaalicetin/.m2/repository/org/seleniumhq/selenium/selenium-firefox-driver/3.141.59/selenium-firefox-driver-3.141.59.jar:/Users/hamzaalicetin/.m2/repository/org/seleniumhq/selenium/selenium-ie-driver/3.141.59/selenium-ie-driver-3.141.59.jar:/Users/hamzaalicetin/.m2/repository/org/seleniumhq/selenium/selenium-opera-driver/3.141.59/selenium-opera-driver-3.141.59.jar:/Users/hamzaalicetin/.m2/repository/org/seleniumhq/selenium/selenium-remote-driver/3.141.59/selenium-remote-driver-3.141.59.jar:/Users/hamzaalicetin/.m2/repository/org/seleniumhq/selenium/selenium-safari-driver/3.141.59/selenium-safari-driver-3.141.59.jar:/Users/hamzaalicetin/.m2/repository/org/seleniumhq/selenium/selenium-support/3.141.59/selenium-support-3.141.59.jar:/Users/hamzaalicetin/.m2/repository/net/bytebuddy/byte-buddy/1.8.15/byte-buddy-1.8.15.jar:/Users/hamzaalicetin/.m2/repository/org/apache/commons/commons-exec/1.3/commons-exec-1.3.jar:/Users/hamzaalicetin/.m2/repository/com/google/guava/guava/25.0-jre/guava-25.0-jre.jar:/Users/hamzaalicetin/.m2/repository/com/google/code/findbugs/jsr305/1.3.9/jsr305-1.3.9.jar:/Users/hamzaalicetin/.m2/repository/org/checkerframework/checker-compat-qual/2.0.0/checker-compat-qual-2.0.0.jar:/Users/hamzaalicetin/.m2/repository/com/google/errorprone/error_prone_annotations/2.1.3/error_prone_annotations-2.1.3.jar:/Users/hamzaalicetin/.m2/repository/com/google/j2objc/j2objc-annotations/1.1/j2objc-annotations-1.1.jar:/Users/hamzaalicetin/.m2/repository/org/codehaus/mojo/animal-sniffer-annotations/1.14/animal-sniffer-annotations-1.14.jar:/Users/hamzaalicetin/.m2/repository/com/squareup/okhttp3/okhttp/3.11.0/okhttp-3.11.0.jar:/Users/hamzaalicetin/.m2/repository/com/squareup/okio/okio/1.14.0/okio-1.14.0.jar:/Users/hamzaalicetin/.m2/repository/org/testng/testng/7.3.0/testng-7.3.0.jar:/Users/hamzaalicetin/.m2/repository/com/beust/jcommander/1.78/jcommander-1.78.jar:/Users/hamzaalicetin/.m2/repository/org/apache/ant/ant/1.10.3/ant-1.10.3.jar:/Users/hamzaalicetin/.m2/repository/org/apache/ant/ant-launcher/1.10.3/ant-launcher-1.10.3.jar:/Users/hamzaalicetin/.m2/repository/com/google/inject/guice/4.2.2/guice-4.2.2-no_aop.jar:/Users/hamzaalicetin/.m2/repository/javax/inject/javax.inject/1/javax.inject-1.jar:/Users/hamzaalicetin/.m2/repository/aopalliance/aopalliance/1.0/aopalliance-1.0.jar:/Users/hamzaalicetin/.m2/repository/org/yaml/snakeyaml/1.21/snakeyaml-1.21.jar:/Users/hamzaalicetin/.m2/repository/commons-io/commons-io/2.6/commons-io-2.6.jar:/Users/hamzaalicetin/.m2/repository/org/apache/logging/log4j/log4j-api/2.14.0/log4j-api-2.14.0.jar:/Users/hamzaalicetin/.m2/repository/org/apache/logging/log4j/log4j-core/2.14.0/log4j-core-2.14.0.jar:/Users/hamzaalicetin/.m2/repository/com/aventstack/extentreports/5.0.5/extentreports-5.0.5.jar:/Users/hamzaalicetin/.m2/repository/io/reactivex/rxjava3/rxjava/3.0.4/rxjava-3.0.4.jar:/Users/hamzaalicetin/.m2/repository/org/reactivestreams/reactive-streams/1.0.3/reactive-streams-1.0.3.jar:/Users/hamzaalicetin/.m2/repository/org/freemarker/freemarker/2.3.30/freemarker-2.3.30.jar:/Users/hamzaalicetin/.m2/repository/org/projectlombok/lombok/1.18.12/lombok-1.18.12.jar:/Users/hamzaalicetin/.m2/repository/com/google/code/gson/gson/2.8.6/gson-2.8.6.jar:"/>
    <property name="java.vm.vendor" value="Oracle Corporation"/>
    <property name="sun.arch.data.model" value="64"/>
    <property name="java.vendor.url" value="https://openjdk.java.net/"/>
    <property name="user.timezone" value="Europe/Brussels"/>
    <property name="os.name" value="Mac OS X"/>
    <property name="java.vm.specification.version" value="15"/>
    <property name="sun.java.launcher" value="SUN_STANDARD"/>
    <property name="user.country" value="GB"/>
    <property name="sun.boot.library.path" value="/usr/local/Cellar/openjdk/15.0.1/libexec/openjdk.jdk/Contents/Home/lib"/>
    <property name="sun.java.command" value="/Users/hamzaalicetin/Desktop/java/E2Eproject/target/surefire/surefirebooter2918621042768108755.jar /Users/hamzaalicetin/Desktop/java/E2Eproject/target/surefire 2020-12-25T22-26-53_323-jvmRun1 surefire13996372130019551247tmp surefire_011025945117791983819tmp"/>
    <property name="http.nonProxyHosts" value="local|*.local|169.254/16|*.169.254/16"/>
    <property name="jdk.debug" value="release"/>
    <property name="surefire.test.class.path" value="/Users/hamzaalicetin/Desktop/java/E2Eproject/target/test-classes:/Users/hamzaalicetin/Desktop/java/E2Eproject/target/classes:/Users/hamzaalicetin/.m2/repository/junit/junit/4.11/junit-4.11.jar:/Users/hamzaalicetin/.m2/repository/org/hamcrest/hamcrest-core/1.3/hamcrest-core-1.3.jar:/Users/hamzaalicetin/.m2/repository/org/seleniumhq/selenium/selenium-java/3.141.59/selenium-java-3.141.59.jar:/Users/hamzaalicetin/.m2/repository/org/seleniumhq/selenium/selenium-api/3.141.59/selenium-api-3.141.59.jar:/Users/hamzaalicetin/.m2/repository/org/seleniumhq/selenium/selenium-chrome-driver/3.141.59/selenium-chrome-driver-3.141.59.jar:/Users/hamzaalicetin/.m2/repository/org/seleniumhq/selenium/selenium-edge-driver/3.141.59/selenium-edge-driver-3.141.59.jar:/Users/hamzaalicetin/.m2/repository/org/seleniumhq/selenium/selenium-firefox-driver/3.141.59/selenium-firefox-driver-3.141.59.jar:/Users/hamzaalicetin/.m2/repository/org/seleniumhq/selenium/selenium-ie-driver/3.141.59/selenium-ie-driver-3.141.59.jar:/Users/hamzaalicetin/.m2/repository/org/seleniumhq/selenium/selenium-opera-driver/3.141.59/selenium-opera-driver-3.141.59.jar:/Users/hamzaalicetin/.m2/repository/org/seleniumhq/selenium/selenium-remote-driver/3.141.59/selenium-remote-driver-3.141.59.jar:/Users/hamzaalicetin/.m2/repository/org/seleniumhq/selenium/selenium-safari-driver/3.141.59/selenium-safari-driver-3.141.59.jar:/Users/hamzaalicetin/.m2/repository/org/seleniumhq/selenium/selenium-support/3.141.59/selenium-support-3.141.59.jar:/Users/hamzaalicetin/.m2/repository/net/bytebuddy/byte-buddy/1.8.15/byte-buddy-1.8.15.jar:/Users/hamzaalicetin/.m2/repository/org/apache/commons/commons-exec/1.3/commons-exec-1.3.jar:/Users/hamzaalicetin/.m2/repository/com/google/guava/guava/25.0-jre/guava-25.0-jre.jar:/Users/hamzaalicetin/.m2/repository/com/google/code/findbugs/jsr305/1.3.9/jsr305-1.3.9.jar:/Users/hamzaalicetin/.m2/repository/org/checkerframework/checker-compat-qual/2.0.0/checker-compat-qual-2.0.0.jar:/Users/hamzaalicetin/.m2/repository/com/google/errorprone/error_prone_annotations/2.1.3/error_prone_annotations-2.1.3.jar:/Users/hamzaalicetin/.m2/repository/com/google/j2objc/j2objc-annotations/1.1/j2objc-annotations-1.1.jar:/Users/hamzaalicetin/.m2/repository/org/codehaus/mojo/animal-sniffer-annotations/1.14/animal-sniffer-annotations-1.14.jar:/Users/hamzaalicetin/.m2/repository/com/squareup/okhttp3/okhttp/3.11.0/okhttp-3.11.0.jar:/Users/hamzaalicetin/.m2/repository/com/squareup/okio/okio/1.14.0/okio-1.14.0.jar:/Users/hamzaalicetin/.m2/repository/org/testng/testng/7.3.0/testng-7.3.0.jar:/Users/hamzaalicetin/.m2/repository/com/beust/jcommander/1.78/jcommander-1.78.jar:/Users/hamzaalicetin/.m2/repository/org/apache/ant/ant/1.10.3/ant-1.10.3.jar:/Users/hamzaalicetin/.m2/repository/org/apache/ant/ant-launcher/1.10.3/ant-launcher-1.10.3.jar:/Users/hamzaalicetin/.m2/repository/com/google/inject/guice/4.2.2/guice-4.2.2-no_aop.jar:/Users/hamzaalicetin/.m2/repository/javax/inject/javax.inject/1/javax.inject-1.jar:/Users/hamzaalicetin/.m2/repository/aopalliance/aopalliance/1.0/aopalliance-1.0.jar:/Users/hamzaalicetin/.m2/repository/org/yaml/snakeyaml/1.21/snakeyaml-1.21.jar:/Users/hamzaalicetin/.m2/repository/commons-io/commons-io/2.6/commons-io-2.6.jar:/Users/hamzaalicetin/.m2/repository/org/apache/logging/log4j/log4j-api/2.14.0/log4j-api-2.14.0.jar:/Users/hamzaalicetin/.m2/repository/org/apache/logging/log4j/log4j-core/2.14.0/log4j-core-2.14.0.jar:/Users/hamzaalicetin/.m2/repository/com/aventstack/extentreports/5.0.5/extentreports-5.0.5.jar:/Users/hamzaalicetin/.m2/repository/io/reactivex/rxjava3/rxjava/3.0.4/rxjava-3.0.4.jar:/Users/hamzaalicetin/.m2/repository/org/reactivestreams/reactive-streams/1.0.3/reactive-streams-1.0.3.jar:/Users/hamzaalicetin/.m2/repository/org/freemarker/freemarker/2.3.30/freemarker-2.3.30.jar:/Users/hamzaalicetin/.m2/repository/org/projectlombok/lombok/1.18.12/lombok-1.18.12.jar:/Users/hamzaalicetin/.m2/repository/com/google/code/gson/gson/2.8.6/gson-2.8.6.jar:"/>
    <property name="sun.cpu.endian" value="little"/>
    <property name="user.home" value="/Users/hamzaalicetin"/>
    <property name="user.language" value="en"/>
    <property name="java.specification.vendor" value="Oracle Corporation"/>
    <property name="java.version.date" value="2020-10-20"/>
    <property name="java.home" value="/usr/local/Cellar/openjdk/15.0.1/libexec/openjdk.jdk/Contents/Home"/>
    <property name="file.separator" value="/"/>
    <property name="basedir" value="/Users/hamzaalicetin/Desktop/java/E2Eproject"/>
    <property name="java.vm.compressedOopsMode" value="Zero based"/>
    <property name="line.separator" value="&#10;"/>
    <property name="java.specification.name" value="Java Platform API Specification"/>
    <property name="java.vm.specification.vendor" value="Oracle Corporation"/>
    <property name="surefire.real.class.path" value="/Users/hamzaalicetin/Desktop/java/E2Eproject/target/surefire/surefirebooter2918621042768108755.jar"/>
    <property name="sun.management.compiler" value="HotSpot 64-Bit Tiered Compilers"/>
    <property name="ftp.nonProxyHosts" value="local|*.local|169.254/16|*.169.254/16"/>
    <property name="java.runtime.version" value="15.0.1+9"/>
    <property name="user.name" value="hamzaalicetin"/>
    <property name="path.separator" value=":"/>
    <property name="os.version" value="10.15.7"/>
    <property name="java.runtime.name" value="OpenJDK Runtime Environment"/>
    <property name="file.encoding" value="UTF-8"/>
    <property name="java.vm.name" value="OpenJDK 64-Bit Server VM"/>
    <property name="localRepository" value="/Users/hamzaalicetin/.m2/repository"/>
    <property name="java.vendor.url.bug" value="https://bugreport.java.com/bugreport/"/>
    <property name="java.io.tmpdir" value="/var/folders/nh/l2rlpnm57r7g0tb_zz2bmz5c0000gp/T/"/>
    <property name="java.version" value="15.0.1"/>
    <property name="user.dir" value="/Users/hamzaalicetin/Desktop/java/E2Eproject"/>
    <property name="os.arch" value="x86_64"/>
    <property name="java.vm.specification.name" value="Java Virtual Machine Specification"/>
    <property name="java.library.path" value="/Users/hamzaalicetin/Library/Java/Extensions:/Library/Java/Extensions:/Network/Library/Java/Extensions:/System/Library/Java/Extensions:/usr/lib/java:."/>
    <property name="java.vm.info" value="mixed mode, sharing"/>
    <property name="java.vendor" value="N/A"/>
    <property name="java.vm.version" value="15.0.1+9"/>
    <property name="sun.io.unicode.encoding" value="UnicodeBig"/>
    <property name="socksNonProxyHosts" value="local|*.local|169.254/16|*.169.254/16"/>
    <property name="java.class.version" value="59.0"/>
  </properties>
  <testcase name="basePageNavigation" classname="InarAcademy.E2Eproject.TestTitle" time="7.293">
    <system-out><![CDATA[Title : FEATURED COURSES
]]></system-out>
    <system-err><![CDATA[SSStttaaarrrtttiininggn  gC hCrhomreoDmrievDerri 8vC7e.hr0r .o84m72e8.D00.r2.i0v 4e(2rc890 897.e0..84212068 03(1.c2f9a0 a90(ebc2998e1683116f3a1fa0aba20ba424a84e468e5685c80c0dadbd48b43d811e6f58b8034c1d01ddfbbd-refs/bbrd8a3nc11hf-heb0a40ddsd4/bdd4d2-b8rde-fr0esf/sb@/r{b#arn3ac5nh5}-)h eaodns /p4ocr2ht8- 0h@3e5{a#4d38s59/5
O}4)n2 l8oy0n @ l{op#co3ra5tl5  }c2)1on7 no9n8e 
cpOtonirloty  n1ls8o 9ca8ar1el
  Ocanlollnyon ewlocectdai.l
o nPcslo enaanserece t sieoean shl alrotew etadpl.l
soP:wlee/da.s
/ePc lhseraeosemee d hrsitevteep rsh.:t/tc/phscr:horm/o/imchuermod.romiregve/rsecdriver.c.hcrhomium.rorogm/isuemc.uorrigt/ys-eccounrsiitdye-rcaotnisoindse rfaotri osnusg gfeosrt isoungsg eons tkieoenpsi nogn  ChromeDrivkeeurer pisitanygf-ec .o
CnhsriodmeerDraitvieons forr  ssuagfgee.s
tions on keeping ChromeDriver safe.
CChhrroommeeDDrCrihivrveoemrr e wDwaras sis vtaesrrt taewrda tsseu dcc sestssfuaucrllcyte.es
dsf suulclcy.e
ssfully.
Dec 25, 2020 10:26:57 PM org.openqa.selenium.remote.ProtocolHandshake createSession
INFO: Detected dialect: W3C
Dec 25, 2020 10:26:57 PM org.openqa.selenium.remote.ProtocolHandshake createSession
INFO: Detected dialect: W3C
Dec 25, 2020 10:26:57 PM org.openqa.selenium.remote.ProtocolHandshake createSession
INFO: Detected dialect: W3C
]]></system-err>
  </testcase>
  <testcase name="basePageNavigation" classname="InarAcademy.E2Eproject.NavigatorBarIsDisplayed" time="8.744"/>
  <testcase name="basePageNavigation[nonrestiricUser@gmail.com, 12313](1)" classname="InarAcademy.E2Eproject.HomePage" time="9.088"/>
  <testcase name="basePageNavigation[restiricUser@gmail.com, 12345](2)" classname="InarAcademy.E2Eproject.HomePage" time="1.686"/>
</testsuite>