<?xml version="1.0" encoding="UTF-8"?>
<!-- Generated by org.testng.reporters.JUnitReportReporter -->
<testsuite hostname="Alis-MacBook-Pro.local" failures="0" tests="2" name="InarAcademy.E2Eproject.HomePage" time="12.959" errors="0" timestamp="2020-12-25T20:09:34 CET" skipped="0">
  <testcase classname="InarAcademy.E2Eproject.HomePage" name="basePageNavigation" time="11.095"/>
  <system-out/>
  <testcase classname="InarAcademy.E2Eproject.HomePage" name="basePageNavigation" time="1.864"/>
  <system-out/>
</testsuite> <!-- InarAcademy.E2Eproject.HomePage -->
