<?xml version="1.0" encoding="UTF-8"?>
<!-- Generated by org.testng.reporters.JUnitReportReporter -->
<testsuite hostname="Alis-MacBook-Pro.local" failures="0" tests="1" name="InarAcademy.E2Eproject.NavigatorBarIsDisplayed" time="11.043" errors="0" timestamp="2020-12-25T20:09:34 CET" skipped="0">
  <testcase classname="InarAcademy.E2Eproject.NavigatorBarIsDisplayed" name="basePageNavigation" time="11.043"/>
  <system-out/>
</testsuite> <!-- InarAcademy.E2Eproject.NavigatorBarIsDisplayed -->
