<?xml version="1.0" encoding="UTF-8"?>
<!-- Generated by org.testng.reporters.JUnitReportReporter -->
<testsuite hostname="Alis-MacBook-Pro.local" failures="0" tests="2" name="InarAcademy.E2Eproject.HomePage" time="10.775" errors="0" timestamp="2020-12-25T22:27:05 CET" skipped="0">
  <testcase classname="InarAcademy.E2Eproject.HomePage" name="basePageNavigation" time="9.089"/>
  <system-out/>
  <testcase classname="InarAcademy.E2Eproject.HomePage" name="basePageNavigation" time="1.686"/>
  <system-out/>
</testsuite> <!-- InarAcademy.E2Eproject.HomePage -->
