<?xml version="1.0" encoding="UTF-8"?>
<!-- Generated by org.testng.reporters.JUnitReportReporter -->
<testsuite hostname="Alis-MacBook-Pro.local" failures="0" tests="1" name="InarAcademy.E2Eproject.TestTitle" time="7.224" errors="0" timestamp="2020-12-25T22:27:05 CET" skipped="0">
  <testcase classname="InarAcademy.E2Eproject.TestTitle" name="basePageNavigation" time="7.224"/>
  <system-out/>
</testsuite> <!-- InarAcademy.E2Eproject.TestTitle -->
