<?xml version="1.0" encoding="UTF-8"?>
<!-- Generated by org.testng.reporters.JUnitReportReporter -->
<testsuite hostname="Alis-MacBook-Pro.local" failures="0" tests="2" name="InarAcademy.E2Eproject.HomePage" time="14.651" errors="0" timestamp="2020-12-28T17:31:25 CET" skipped="0">
  <testcase classname="InarAcademy.E2Eproject.HomePage" name="basePageNavigation" time="4.831"/>
  <system-out/>
  <testcase classname="InarAcademy.E2Eproject.HomePage" name="basePageNavigation" time="9.820"/>
  <system-out/>
</testsuite> <!-- InarAcademy.E2Eproject.HomePage -->
