<?xml version="1.0" encoding="UTF-8"?>
<!-- Generated by org.testng.reporters.JUnitReportReporter -->
<testsuite hostname="Alis-MacBook-Pro.local" failures="0" tests="1" name="InarAcademy.E2Eproject.NavigatorBarIsDisplayed" time="8.745" errors="0" timestamp="2020-12-25T22:27:05 CET" skipped="0">
  <testcase classname="InarAcademy.E2Eproject.NavigatorBarIsDisplayed" name="basePageNavigation" time="8.745"/>
  <system-out/>
</testsuite> <!-- InarAcademy.E2Eproject.NavigatorBarIsDisplayed -->
