<?xml version="1.0" encoding="UTF-8"?>
<!-- Generated by org.testng.reporters.JUnitReportReporter -->
<testsuite hostname="Alis-MacBook-Pro.local" failures="0" tests="1" name="InarAcademy.E2Eproject.TestTitle" time="8.245" errors="0" timestamp="2020-12-28T17:31:25 CET" skipped="0">
  <testcase classname="InarAcademy.E2Eproject.TestTitle" name="basePageNavigation" time="8.245"/>
  <system-out/>
</testsuite> <!-- InarAcademy.E2Eproject.TestTitle -->
